<?xml version="1.0" encoding="UTF-8"?>
<!-- Generated by org.testng.reporters.JUnitReportReporter -->
<testsuite hostname="fedora" failures="0" tests="1" name="com.apiautomationbookstore.tests.HealthCheckTest" time="0.029" errors="0" timestamp="2025-06-06T21:54:29 IST" skipped="0">
  <testcase classname="com.apiautomationbookstore.tests.HealthCheckTest" name="validateUserSignupAPI" time="0.029"/>
</testsuite> <!-- com.apiautomationbookstore.tests.HealthCheckTest -->
